2026-03-02 21:50:14.213  INFO [                            main] entralinked.Entralinked                          : Loading configuration ...
2026-03-02 21:50:14.236  INFO [                            main] entralinked.Entralinked                          : Using configuration Configuration[hostName=local, dnsAddress=null, clearPlayerDreamInfoOnWake=true, allowOverwritingPlayerDreamInfo=false, allowPlayerGameVersionMismatch=false, allowWfcRegistrationThroughLogin=true]
2026-03-02 21:50:14.776  INFO [                            main] entralinked.Entralinked                          : DNS address not configured - auto-detecting host machine IP address
2026-03-02 21:50:14.778  INFO [                            main] e.m.dlc.DlcList                                  : Loading DLC ...
2026-03-02 21:50:14.790  INFO [                            main] e.m.dlc.DlcList                                  : Loaded 59 DLC file(s)
2026-03-02 21:50:14.791  INFO [                            main] e.m.user.UserManager                             : Loading user and profile data ...
2026-03-02 21:50:14.798  INFO [                            main] e.m.user.UserManager                             : Loaded 1 user(s)
2026-03-02 21:50:14.799  INFO [                            main] e.m.player.PlayerManager                         : Loading player data ...
2026-03-02 21:50:14.811  INFO [                            main] e.m.player.PlayerManager                         : Loaded 1 player(s)
2026-03-02 21:50:14.842  INFO [                            main] e.n.gamespy.GameSpyServer                        : Mapping GameSpy request types ...
2026-03-02 21:50:14.967  INFO [                            main] e.n.http.HttpServer                              : Creating certificate keystore ...
2026-03-02 21:50:14.973  INFO [                            main] e.n.http.HttpServer                              : Cached keystore found - loading it!
2026-03-02 21:50:15.112  INFO [                            main] e.n.h.dashboard.DashboardHandler                 : Loading C-Gear and Pokédex skin previews ...
2026-03-02 21:50:15.213  INFO [                            main] e.n.h.dashboard.DashboardHandler                 : Cached 57 skin previews
2026-03-02 21:50:15.215  INFO [                            main] entralinked.Entralinked                          : Starting servers ...
2026-03-02 21:50:15.216  INFO [                            main] e.n.http.HttpServer                              : Starting HTTP server ...
2026-03-02 21:50:15.348  INFO [                            main] e.network.NettyServerBase                        : Staring GameSpy server ...
2026-03-02 21:50:15.377  INFO [                            main] e.network.NettyServerBase                        : GameSpy server listening @ port 29900
2026-03-02 21:50:15.378  INFO [                            main] e.network.NettyServerBase                        : Staring DNS server ...
2026-03-02 21:50:15.391  INFO [                            main] e.network.NettyServerBase                        : DNS server listening @ port 53
2026-03-02 21:50:15.391  INFO [                            main] entralinked.Entralinked                          : Startup complete! Took a total of 1178 milliseconds
2026-03-02 21:50:15.392  INFO [                            main] entralinked.Entralinked                          : Configure your DS to use the following DNS server: 10.69.40.145
